20:42:27 - "scalac" is not found on the PATH.  Scala files will not be recompiled
20:45:05 - !! Modified jar detected. Unpredictable results !!
20:45:54 - 'runtime\bin\applydiff.exe -p1 -u -i ..\..\temp\temp.patch -d src\minecraft' failed : 1
20:45:54 - 
20:45:54 - == ERRORS FOUND ==
20:45:54 - 
20:45:54 - 1 out of 1 hunk FAILED -- saving rejects to file 'net\minecraft\util\Cartesian.jav#'
20:45:54 - ==================
20:45:54 - 
20:46:35 - !! Missing server jar file. Aborting !!
20:46:39 - '"C:\Program Files\JetBrains\IntelliJ IDEA Community Edition 2021.2.4\jbr\bin\javac" -Xlint:-options -deprecation -g -source 1.6 -target 1.6 -classpath "jars\versions\1.8.9\1.8.9.jar;lib;lib\*;jars\libraries\net\java\jinput\jinput\2.0.5\jinput-2.0.5.jar;jars\libraries\org\lwjgl\lwjgl\lwjgl-platform\2.9.4-nightly-20150209\lwjgl-platform-2.9.4-nightly-20150209-natives-windows.jar;jars\libraries\com\ibm\icu\icu4j-core-mojang\51.2\icu4j-core-mojang-51.2.jar;jars\libraries\tv\twitch\twitch-external-platform\4.5\twitch-external-platform-4.5-natives-windows-64.jar;jars\libraries\org\apache\httpcomponents\httpcore\4.3.2\httpcore-4.3.2.jar;jars\libraries\org\apache\logging\log4j\log4j-api\2.0-beta9\log4j-api-2.0-beta9.jar;jars\libraries\org\apache\commons\commons-lang3\3.3.2\commons-lang3-3.3.2.jar;jars\libraries\net\java\dev\jna\jna\3.4.0\jna-3.4.0.jar;jars\libraries\com\paulscode\libraryjavasound\20101123\libraryjavasound-20101123.jar;jars\libraries\net\sf\jopt-simple\jopt-simple\4.6\jopt-simple-4.6.jar;jars\libraries\com\google\guava\guava\17.0\guava-17.0.jar;jars\libraries\oshi-project\oshi-core\1.1\oshi-core-1.1.jar;jars\libraries\org\apache\httpcomponents\httpclient\4.3.3\httpclient-4.3.3.jar;jars\libraries\org\apache\commons\commons-compress\1.8.1\commons-compress-1.8.1.jar;jars\libraries\net\java\dev\jna\platform\3.4.0\platform-3.4.0.jar;jars\libraries\com\paulscode\codecjorbis\20101023\codecjorbis-20101023.jar;jars\libraries\com\paulscode\soundsystem\20120107\soundsystem-20120107.jar;jars\libraries\com\paulscode\librarylwjglopenal\20100824\librarylwjglopenal-20100824.jar;jars\libraries\org\lwjgl\lwjgl\lwjgl_util\2.9.4-nightly-20150209\lwjgl_util-2.9.4-nightly-20150209.jar;jars\libraries\commons-codec\commons-codec\1.9\commons-codec-1.9.jar;jars\libraries\net\java\jutils\jutils\1.0.0\jutils-1.0.0.jar;jars\libraries\commons-logging\commons-logging\1.1.3\commons-logging-1.1.3.jar;jars\libraries\org\lwjgl\lwjgl\lwjgl\2.9.4-nightly-20150209\lwjgl-2.9.4-nightly-20150209.jar;jars\libraries\commons-io\commons-io\2.4\commons-io-2.4.jar;jars\libraries\com\mojang\realms\1.7.59\realms-1.7.59.jar;jars\libraries\com\mojang\authlib\1.5.21\authlib-1.5.21.jar;jars\libraries\com\google\code\gson\gson\2.2.4\gson-2.2.4.jar;jars\libraries\com\mojang\netty\1.8.8\netty-1.8.8.jar;jars\libraries\tv\twitch\twitch\6.5\twitch-6.5.jar;jars\libraries\com\paulscode\codecwav\20101023\codecwav-20101023.jar;jars\libraries\tv\twitch\twitch-platform\6.5\twitch-platform-6.5-natives-windows-64.jar;jars\libraries\net\java\jinput\jinput-platform\2.0.5\jinput-platform-2.0.5-natives-windows.jar;jars\libraries\org\apache\logging\log4j\log4j-core\2.0-beta9\log4j-core-2.0-beta9.jar;jars\libraries\io\netty\netty-all\4.0.23.Final\netty-all-4.0.23.Final.jar" -sourcepath src\minecraft -d bin\minecraft @temp\java_src_client.txt' failed : 1
20:46:39 - 
20:46:39 - == ERRORS FOUND in JAVA CODE ==
20:46:39 - 
20:46:39 - src\minecraft\net\minecraft\util\ObjectIntIdentityMap.java:21: error: incompatible types: Object cannot be converted to T
20:46:39 -             this.objectList.add((Object)null);
20:46:39 -                                 ^
20:46:39 - 
20:46:39 -   where T is a type-variable:
20:46:39 -     T extends Object declared in class ObjectIntIdentityMap
20:46:39 - src\minecraft\net\minecraft\tileentity\TileEntity.java:89: warning: [deprecation] newInstance() in Class has been deprecated
20:46:39 -                 tileentity = (TileEntity)oclass.newInstance();
20:46:39 -                                                ^
20:46:39 - 
20:46:39 -   where T is a type-variable:
20:46:39 -     T extends Object declared in class Class
20:46:39 - src\minecraft\net\minecraft\inventory\Container.java:30: error: incompatible types: Object cannot be converted to ItemStack
20:46:39 -         this.inventoryItemStacks.add((Object)null);
20:46:39 -                                      ^
20:46:39 - 
20:46:39 - src\minecraft\net\minecraft\network\NetHandlerPlayServer.java:422: error: incompatible types: Set<Object> cannot be converted to Set<EnumFlags>
20:46:39 -         this.setPlayerLocation(x, y, z, yaw, pitch, Collections.emptySet());
20:46:39 -                                                                         ^
20:46:39 - 
20:46:39 - src\minecraft\net\minecraft\network\NetworkSystem.java:74: error: incompatible types: List<Object> cannot be converted to List<ChannelFuture>
20:46:39 -     private final List<ChannelFuture> endpoints = Collections.synchronizedList(Lists.newArrayList());
20:46:39 -                                                                               ^
20:46:39 - 
20:46:39 - src\minecraft\net\minecraft\network\NetworkSystem.java:75: error: incompatible types: List<Object> cannot be converted to List<NetworkManager>
20:46:39 -     private final List<NetworkManager> networkManagers = Collections.synchronizedList(Lists.newArrayList());
20:46:39 -                                                                                      ^
20:46:39 - 
20:46:39 - src\minecraft\net\minecraft\network\EnumConnectionState.java:291: warning: [deprecation] newInstance() in Class has been deprecated
20:46:39 -         return oclass == null ? null : (Packet)oclass.newInstance();
20:46:39 -                                                      ^
20:46:39 - 
20:46:39 -   where T is a type-variable:
20:46:39 -     T extends Object declared in class Class
20:46:39 - src\minecraft\net\minecraft\network\EnumConnectionState.java:332: warning: [deprecation] newInstance() in Class has been deprecated
20:46:39 -                         oclass.newInstance();
20:46:39 -                               ^
20:46:39 - 
20:46:39 -   where T is a type-variable:
20:46:39 -     T extends Object declared in class Class
20:46:39 - src\minecraft\net\minecraft\entity\item\EntityMinecart.java:89: warning: [deprecation] Integer(int) in Integer has been deprecated
20:46:39 -         this.dataWatcher.addObject(17, new Integer(0));
20:46:39 -                                        ^
20:46:39 - 
20:46:39 - src\minecraft\net\minecraft\entity\item\EntityMinecart.java:90: warning: [deprecation] Integer(int) in Integer has been deprecated
20:46:39 -         this.dataWatcher.addObject(18, new Integer(1));
20:46:39 -                                        ^
20:46:39 - 
20:46:39 - src\minecraft\net\minecraft\entity\item\EntityMinecart.java:91: warning: [deprecation] Float(float) in Float has been deprecated
20:46:39 -         this.dataWatcher.addObject(19, new Float(0.0F));
20:46:39 -                                        ^
20:46:39 - 
20:46:39 - src\minecraft\net\minecraft\entity\item\EntityMinecart.java:92: warning: [deprecation] Integer(int) in Integer has been deprecated
20:46:39 -         this.dataWatcher.addObject(20, new Integer(0));
20:46:39 -                                        ^
20:46:39 - 
20:46:39 - src\minecraft\net\minecraft\entity\item\EntityMinecart.java:93: warning: [deprecation] Integer(int) in Integer has been deprecated
20:46:39 -         this.dataWatcher.addObject(21, new Integer(6));
20:46:39 -                                        ^
20:46:39 - 
20:46:39 - src\minecraft\net\minecraft\block\BlockRedstoneTorch.java:27: error: incompatible types: ArrayList<Object> cannot be converted to List<Toggle>
20:46:39 -             toggles.put(worldIn, Lists.newArrayList());
20:46:39 -                                                    ^
20:46:39 - 
20:46:39 - src\minecraft\net\minecraft\block\state\pattern\FactoryBlockPattern.java:26: error: incompatible types: Predicate<Object> cannot be converted to Predicate<BlockWorldState>
20:46:39 -         this.symbolMap.put(' ', Predicates.alwaysTrue());
20:46:39 -                                                      ^
20:46:39 - 
20:46:39 - src\minecraft\net\minecraft\block\state\pattern\FactoryBlockPattern.java:56: error: incompatible types: Object cannot be converted to Predicate<BlockWorldState>
20:46:39 -                             this.symbolMap.put(Character.valueOf(c0), (Object)null);
20:46:39 -                                                                       ^
20:46:39 - 
20:46:39 - src\minecraft\net\minecraft\client\Minecraft.java:726: error: incompatible types: List<Object> cannot be converted to List<ResourcePackRepository.Entry>
20:46:39 -             this.mcResourcePackRepository.setRepositories(Collections.emptyList());
20:46:39 -                                                                                ^
20:46:39 - 
20:46:39 - src\minecraft\net\minecraft\client\renderer\texture\TextureAtlasSprite.java:352: error: incompatible types: Object cannot be converted to int[][]
20:46:39 -                 this.framesTextureData.add((Object)null);
20:46:39 -                                            ^
20:46:39 - 
20:46:39 - src\minecraft\net\minecraft\world\gen\FlatGeneratorInfo.java:294: error: incompatible types: HashMap<Object,Object> cannot be converted to Map<String,String>
20:46:39 -                         flatgeneratorinfo.getWorldFeatures().put("village", Maps.newHashMap());
20:46:39 -                                                                                            ^
20:46:39 - 
20:46:39 - src\minecraft\net\minecraft\world\gen\FlatGeneratorInfo.java:319: error: incompatible types: HashMap<Object,Object> cannot be converted to Map<String,String>
20:46:39 -         flatgeneratorinfo.getWorldFeatures().put("village", Maps.newHashMap());
20:46:39 -                                                                            ^
20:46:39 - 
20:46:39 - src\minecraft\net\minecraft\client\gui\GuiFlatPresets.java:148: error: incompatible types: HashMap<Object,Object> cannot be converted to Map<String,String>
20:46:39 -                 flatgeneratorinfo.getWorldFeatures().put(s, Maps.newHashMap());
20:46:39 -                                                                            ^
20:46:39 - 
20:46:39 - src\minecraft\net\minecraft\client\network\OldServerPinger.java:50: error: incompatible types: List<Object> cannot be converted to List<NetworkManager>
20:46:39 -     private final List<NetworkManager> pingDestinations = Collections.synchronizedList(Lists.newArrayList());
20:46:39 -                                                                                       ^
20:46:39 - 
20:46:39 - src\minecraft\net\minecraft\client\gui\GuiScreenRealmsProxy.java:18: error: incompatible types: List<Object> cannot be converted to List<GuiButton>
20:46:39 -         super.buttonList = Collections.synchronizedList(Lists.newArrayList());
20:46:39 -                                                        ^
20:46:39 - 
20:46:39 - src\minecraft\net\minecraft\client\renderer\block\model\ModelBlock.java:55: error: incompatible types: List<Object> cannot be converted to List<BlockPart>
20:46:39 -         this(parentLocationIn, Collections.emptyList(), texturesIn, ambientOcclusionIn, gui3dIn, cameraTransformsIn);
20:46:39 -                                                     ^
20:46:39 - 
20:46:39 - src\minecraft\net\minecraft\entity\passive\EntityBat.java:28: warning: [deprecation] Byte(byte) in Byte has been deprecated
20:46:39 -         this.dataWatcher.addObject(16, new Byte((byte)0));
20:46:39 -                                        ^
20:46:39 - 
20:46:39 - src\minecraft\net\minecraft\entity\monster\EntityBlaze.java:52: warning: [deprecation] Byte(byte) in Byte has been deprecated
20:46:39 -         this.dataWatcher.addObject(16, new Byte((byte)0));
20:46:39 -                                        ^
20:46:39 - 
20:46:39 - src\minecraft\net\minecraft\entity\item\EntityBoat.java:51: warning: [deprecation] Integer(int) in Integer has been deprecated
20:46:39 -         this.dataWatcher.addObject(17, new Integer(0));
20:46:39 -                                        ^
20:46:39 - 
20:46:39 - src\minecraft\net\minecraft\entity\item\EntityBoat.java:52: warning: [deprecation] Integer(int) in Integer has been deprecated
20:46:39 -         this.dataWatcher.addObject(18, new Integer(1));
20:46:39 -                                        ^
20:46:39 - 
20:46:39 - src\minecraft\net\minecraft\entity\item\EntityBoat.java:53: warning: [deprecation] Float(float) in Float has been deprecated
20:46:39 -         this.dataWatcher.addObject(19, new Float(0.0F));
20:46:39 -                                        ^
20:46:39 - 
20:46:39 - src\minecraft\net\minecraft\entity\monster\EntitySpider.java:61: warning: [deprecation] Byte(byte) in Byte has been deprecated
20:46:39 -         this.dataWatcher.addObject(16, new Byte((byte)0));
20:46:39 -                                        ^
20:46:39 - 
20:46:39 - src\minecraft\net\minecraft\entity\monster\EntityEnderman.java:84: warning: [deprecation] Short(short) in Short has been deprecated
20:46:39 -         this.dataWatcher.addObject(16, new Short((short)0));
20:46:39 -                                        ^
20:46:39 - 
20:46:39 - src\minecraft\net\minecraft\entity\monster\EntityEnderman.java:85: warning: [deprecation] Byte(byte) in Byte has been deprecated
20:46:39 -         this.dataWatcher.addObject(17, new Byte((byte)0));
20:46:39 -                                        ^
20:46:39 - 
20:46:39 - src\minecraft\net\minecraft\entity\monster\EntityEnderman.java:86: warning: [deprecation] Byte(byte) in Byte has been deprecated
20:46:39 -         this.dataWatcher.addObject(18, new Byte((byte)0));
20:46:39 -                                        ^
20:46:39 - 
20:46:39 - src\minecraft\net\minecraft\entity\passive\EntityWolf.java:119: warning: [deprecation] Float(float) in Float has been deprecated
20:46:39 -         this.dataWatcher.addObject(18, new Float(this.getHealth()));
20:46:39 -                                        ^
20:46:39 - 
20:46:39 - src\minecraft\net\minecraft\entity\passive\EntityWolf.java:120: warning: [deprecation] Byte(byte) in Byte has been deprecated
20:46:39 -         this.dataWatcher.addObject(19, new Byte((byte)0));
20:46:39 -                                        ^
20:46:39 - 
20:46:39 - src\minecraft\net\minecraft\entity\passive\EntityWolf.java:121: warning: [deprecation] Byte(byte) in Byte has been deprecated
20:46:39 -         this.dataWatcher.addObject(20, new Byte((byte)EnumDyeColor.RED.getMetadata()));
20:46:39 -                                        ^
20:46:39 - 
20:46:39 - src\minecraft\net\minecraft\entity\passive\EntitySheep.java:98: warning: [deprecation] Byte(byte) in Byte has been deprecated
20:46:39 -         this.dataWatcher.addObject(16, new Byte((byte)0));
20:46:39 -                                        ^
20:46:39 - 
20:46:39 - src\minecraft\net\minecraft\entity\monster\EntitySkeleton.java:76: warning: [deprecation] Byte(byte) in Byte has been deprecated
20:46:39 -         this.dataWatcher.addObject(13, new Byte((byte)0));
20:46:39 -                                        ^
20:46:39 - 
20:46:39 - src\minecraft\net\minecraft\entity\boss\EntityWither.java:77: warning: [deprecation] Integer(int) in Integer has been deprecated
20:46:39 -         this.dataWatcher.addObject(17, new Integer(0));
20:46:39 -                                        ^
20:46:39 - 
20:46:39 - src\minecraft\net\minecraft\entity\boss\EntityWither.java:78: warning: [deprecation] Integer(int) in Integer has been deprecated
20:46:39 -         this.dataWatcher.addObject(18, new Integer(0));
20:46:39 -                                        ^
20:46:39 - 
20:46:39 - src\minecraft\net\minecraft\entity\boss\EntityWither.java:79: warning: [deprecation] Integer(int) in Integer has been deprecated
20:46:39 -         this.dataWatcher.addObject(19, new Integer(0));
20:46:39 -                                        ^
20:46:39 - 
20:46:39 - src\minecraft\net\minecraft\entity\boss\EntityWither.java:80: warning: [deprecation] Integer(int) in Integer has been deprecated
20:46:39 -         this.dataWatcher.addObject(20, new Integer(0));
20:46:39 -                                        ^
20:46:39 - 
20:46:39 - src\minecraft\net\minecraft\client\resources\FallbackResourceManager.java:122: warning: [deprecation] finalize() in Object has been deprecated
20:46:39 -         protected void finalize() throws Throwable
20:46:39 -                        ^
20:46:39 - 
20:46:39 - src\minecraft\net\minecraft\client\resources\FallbackResourceManager.java:129: warning: [deprecation] finalize() in Object has been deprecated
20:46:39 -             super.finalize();
20:46:39 -                  ^
20:46:39 - 
20:46:39 - src\minecraft\net\minecraft\client\resources\FileResourcePack.java:108: warning: [deprecation] finalize() in Object has been deprecated
20:46:39 -     protected void finalize() throws Throwable
20:46:39 -                    ^
20:46:39 - 
20:46:39 - src\minecraft\net\minecraft\client\resources\FileResourcePack.java:111: warning: [deprecation] finalize() in Object has been deprecated
20:46:39 -         super.finalize();
20:46:39 -              ^
20:46:39 - 
20:46:39 - src\minecraft\net\minecraft\client\resources\FolderResourcePack.java:36: error: reference to listFiles is ambiguous
20:46:39 -             for (File file2 : file1.listFiles(DirectoryFileFilter.DIRECTORY))
20:46:39 -                                    ^
20:46:39 - 
20:46:39 -   both method listFiles(FilenameFilter) in File and method listFiles(FileFilter) in File match
20:46:39 - src\minecraft\net\minecraft\client\resources\model\SimpleBakedModel.java:116: error: incompatible types: ArrayList<Object> cannot be converted to List<BakedQuad>
20:46:39 -                 this.builderFaceQuads.add(Lists.newArrayList());
20:46:39 -                                                             ^
20:46:39 - 
20:46:39 - src\minecraft\net\minecraft\command\CommandSpreadPlayers.java:126: error: incompatible types: Object cannot be converted to Team
20:46:39 -                 set.add((Object)null);
20:46:39 -                         ^
20:46:39 - 
20:46:39 - src\minecraft\net\minecraft\entity\ai\attributes\ModifiableAttributeInstance.java:30: error: incompatible types: HashSet<Object> cannot be converted to Set<AttributeModifier>
20:46:39 -             this.mapByOperation.put(Integer.valueOf(i), Sets.newHashSet());
20:46:39 -                                                                        ^
20:46:39 - 
20:46:39 - src\minecraft\net\minecraft\entity\item\EntityMinecartFurnace.java:41: warning: [deprecation] Byte(byte) in Byte has been deprecated
20:46:39 -         this.dataWatcher.addObject(16, new Byte((byte)0));
20:46:39 -                                        ^
20:46:39 - 
20:46:39 - src\minecraft\net\minecraft\realms\RealmsServerStatusPinger.java:28: error: incompatible types: List<Object> cannot be converted to List<NetworkManager>
20:46:39 -     private final List<NetworkManager> connections = Collections.synchronizedList(Lists.newArrayList());
20:46:39 -                                                                                  ^
20:46:39 - 
20:46:39 - src\minecraft\net\minecraft\util\Cartesian.java:56: error: incompatible types: List<Object> cannot be converted to List<T>
20:46:39 -             return Arrays.asList((Object[])p_apply_1_);
20:46:39 -                                 ^
20:46:39 - 
20:46:39 -   where T is a type-variable:
20:46:39 -     T extends Object declared in class GetList
20:46:39 - src\minecraft\net\minecraft\world\gen\structure\MapGenStructureIO.java:50: warning: [deprecation] newInstance() in Class has been deprecated
20:46:39 -                 structurestart = (StructureStart)oclass.newInstance();
20:46:39 -                                                        ^
20:46:39 - 
20:46:39 -   where T is a type-variable:
20:46:39 -     T extends Object declared in class Class
20:46:39 - src\minecraft\net\minecraft\world\gen\structure\MapGenStructureIO.java:81: warning: [deprecation] newInstance() in Class has been deprecated
20:46:39 -                 structurecomponent = (StructureComponent)oclass.newInstance();
20:46:39 -                                                                ^
20:46:39 - 
20:46:39 -   where T is a type-variable:
20:46:39 -     T extends Object declared in class Class
20:46:39 - src\minecraft\net\minecraft\world\gen\structure\StructureMineshaftPieces.java:611: error: cannot find symbol
20:46:39 -             for (lvt_5_1_ = 0; k < this.boundingBox.getXSize(); k = k + 4)
20:46:39 -                  ^
20:46:39 - 
20:46:39 -   symbol:   variable lvt_5_1_
20:46:39 -   location: class Room
20:46:39 - src\minecraft\net\minecraft\world\storage\ThreadedFileIOBase.java:10: error: incompatible types: List<Object> cannot be converted to List<IThreadedFileIO>
20:46:39 -     private List<IThreadedFileIO> threadedIOQueue = Collections.synchronizedList(Lists.newArrayList());
20:46:39 -                                                                                 ^
20:46:39 - 
20:46:39 - 24 errors
20:46:39 - 33 warnings
20:46:39 - ==================
20:46:39 - 
20:46:39 - Initial client recompile failed, correct source then run updatemd5
